Using pre-set license
Built from '2021.1/staging' branch; Version is '2021.1.2f1 (e5d502d80fbb) revision 15062274'; Using compiler version '192528614'; Build Type 'Release'
OS: 'Windows 10 Home; OS build 18363.1500; Version 1909; 64bit' Language: 'en' Physical Memory: 16309 MB
BatchMode: 1, IsHumanControllingUs: 0, StartBugReporterOnCrash: 0, Is64bit: 1, IsPro: 0

 COMMAND LINE ARGUMENTS:
D:\2021.1.2f1\Editor\Unity.exe
-adb2
-batchMode
-noUpm
-name
AssetImportWorker0
-projectPath
D:/UnityProjects/Fjellvettreglene/Tema 7 Oppgave
-logFile
Logs/AssetImportWorker0.log
-srvPort
62488
Successfully changed project path to: D:/UnityProjects/Fjellvettreglene/Tema 7 Oppgave
D:/UnityProjects/Fjellvettreglene/Tema 7 Oppgave
Using Asset Import Pipeline V2.
Refreshing native plugins compatible for Editor in 94.00 ms, found 4 plugins.
Preloading 0 native plugins for Editor in 0.00 ms.
Initialize engine version: 2021.1.2f1 (e5d502d80fbb)
[Subsystems] Discovering subsystems at path D:/2021.1.2f1/Editor/Data/Resources/UnitySubsystems
[Subsystems] Discovering subsystems at path D:/UnityProjects/Fjellvettreglene/Tema 7 Oppgave/Assets
GfxDevice: creating device client; threaded=0; jobified=0
Direct3D:
    Version:  Direct3D 11.0 [level 11.1]
    Renderer: NVIDIA GeForce GTX 1060 6GB (ID=0x1c03)
    Vendor:   NVIDIA
    VRAM:     6052 MB
    Driver:   27.21.14.6140
Initialize mono
Mono path[0] = 'D:/2021.1.2f1/Editor/Data/Managed'
Mono path[1] = 'D:/2021.1.2f1/Editor/Data/MonoBleedingEdge/lib/mono/unityjit'
Mono config path = 'D:/2021.1.2f1/Editor/Data/MonoBleedingEdge/etc'
Using monoOptions --debugger-agent=transport=dt_socket,embedding=1,server=y,suspend=n,address=127.0.0.1:56184
Begin MonoManager ReloadAssembly
Registering precompiled unity dll's ...
Register platform support module: D:/2021.1.2f1/Editor/Data/PlaybackEngines/MacStandaloneSupport/UnityEditor.OSXStandalone.Extensions.dll
Register platform support module: D:/2021.1.2f1/Editor/Data/PlaybackEngines/WindowsStandaloneSupport/UnityEditor.WindowsStandalone.Extensions.dll
Register platform support module: D:/2021.1.2f1/Editor/Data/PlaybackEngines/LinuxStandaloneSupport/UnityEditor.LinuxStandalone.Extensions.dll
Registered in 0.001545 seconds.
Native extension for LinuxStandalone target not found
Native extension for WindowsStandalone target not found
Native extension for OSXStandalone target not found
Refreshing native plugins compatible for Editor in 85.64 ms, found 4 plugins.
Preloading 0 native plugins for Editor in 0.00 ms.
Mono: successfully reloaded assembly
- Completed reload, in  1.244 seconds
Platform modules already initialized, skipping
Registering precompiled user dll's ...
Registered in 0.005294 seconds.
Begin MonoManager ReloadAssembly
Native extension for LinuxStandalone target not found
Native extension for WindowsStandalone target not found
Native extension for OSXStandalone target not found
Refreshing native plugins compatible for Editor in 79.03 ms, found 4 plugins.
Preloading 0 native plugins for Editor in 0.00 ms.
RefreshInfo: StopAssetImportingV2(NoUpdateAssetOptions) scanfilter: 
RefreshProfiler: Total: 0.000ms
Mono: successfully reloaded assembly
- Completed reload, in  1.010 seconds
Platform modules already initialized, skipping
========================================================================
Worker process is ready to serve import requests
Launched and connected shader compiler UnityShaderCompiler.exe after 0.04 seconds
Refreshing native plugins compatible for Editor in 1.51 ms, found 4 plugins.
Preloading 0 native plugins for Editor in 0.00 ms.
Unloading 13 Unused Serialized files (Serialized files now loaded: 0)
System memory in use before: 64.0 MB.
System memory in use after: 64.1 MB.

Unloading 86 unused Assets to reduce memory usage. Loaded Objects now: 3908.
Total: 2.334800 ms (FindLiveObjects: 0.249700 ms CreateObjectMapping: 0.187800 ms MarkObjects: 1.775800 ms  DeleteObjects: 0.120300 ms)

========================================================================
Received Import Request.
  path: Assets/6_Brovei.unity
  artifactKey: Guid(4a3fb358cda0d7c459d7cfe528e5bc05) Importer(815301076,1909f56bfc062723c751e8b465ee728b)
Start importing Assets/6_Brovei.unity using Guid(4a3fb358cda0d7c459d7cfe528e5bc05) Importer(815301076,1909f56bfc062723c751e8b465ee728b)  -> (artifact id: 'b2568119fc82f0bc764c00cfaef19028') in 0.013293 seconds 
========================================================================
Received Prepare
Registering precompiled user dll's ...
Registered in 0.006359 seconds.
Begin MonoManager ReloadAssembly
Native extension for LinuxStandalone target not found
Native extension for WindowsStandalone target not found
Native extension for OSXStandalone target not found
Refreshing native plugins compatible for Editor in 0.93 ms, found 4 plugins.
Preloading 0 native plugins for Editor in 0.00 ms.
RefreshInfo: StopAssetImportingV2(NoUpdateAssetOptions) scanfilter: 
RefreshProfiler: Total: 0.000ms
Mono: successfully reloaded assembly
- Completed reload, in  0.857 seconds
Platform modules already initialized, skipping
Refreshing native plugins compatible for Editor in 0.96 ms, found 4 plugins.
Preloading 0 native plugins for Editor in 0.00 ms.
Unloading 1519 Unused Serialized files (Serialized files now loaded: 0)
System memory in use before: 93.9 MB.
System memory in use after: 94.0 MB.

Unloading 74 unused Assets to reduce memory usage. Loaded Objects now: 3912.
Total: 2.176300 ms (FindLiveObjects: 0.238400 ms CreateObjectMapping: 0.146000 ms MarkObjects: 1.699000 ms  DeleteObjects: 0.092000 ms)

========================================================================
Received Import Request.
  Time since last request: 69.113618 seconds.
  path: Assets/Scenes/0_HovedMeny.unity
  artifactKey: Guid(32197b1ddd02e0d4984aca92835242f0) Importer(815301076,1909f56bfc062723c751e8b465ee728b)
Start importing Assets/Scenes/0_HovedMeny.unity using Guid(32197b1ddd02e0d4984aca92835242f0) Importer(815301076,1909f56bfc062723c751e8b465ee728b)  -> (artifact id: 'ad9dbc4cbc2e680a2407724d21f77d84') in 0.013423 seconds 
========================================================================
Received Import Request.
  Time since last request: 782.819294 seconds.
  path: Assets/Scenes/1_Hytta.unity
  artifactKey: Guid(f3500f9277ed0bd4ba71cdd140096bf3) Importer(815301076,1909f56bfc062723c751e8b465ee728b)
Start importing Assets/Scenes/1_Hytta.unity using Guid(f3500f9277ed0bd4ba71cdd140096bf3) Importer(815301076,1909f56bfc062723c751e8b465ee728b)  -> (artifact id: 'e2dc2e7201a29ad41174a7ca23c127c0') in 0.002563 seconds 
========================================================================
Received Import Request.
  Time since last request: 329.925209 seconds.
  path: Assets/Scenes/6_Brovei.unity
  artifactKey: Guid(4a3fb358cda0d7c459d7cfe528e5bc05) Importer(815301076,1909f56bfc062723c751e8b465ee728b)
Start importing Assets/Scenes/6_Brovei.unity using Guid(4a3fb358cda0d7c459d7cfe528e5bc05) Importer(815301076,1909f56bfc062723c751e8b465ee728b)  -> (artifact id: '40350984f496f5983ccf95676848dfa3') in 0.002231 seconds 
========================================================================
Received Import Request.
  Time since last request: 30.915135 seconds.
  path: Assets/Scenes/5_Transition.unity
  artifactKey: Guid(d08e53e5c2305be4f9c4b812c80f8475) Importer(815301076,1909f56bfc062723c751e8b465ee728b)
Start importing Assets/Scenes/5_Transition.unity using Guid(d08e53e5c2305be4f9c4b812c80f8475) Importer(815301076,1909f56bfc062723c751e8b465ee728b)  -> (artifact id: 'b14c597063827fee2a5d1f9c8f1060d6') in 0.006019 seconds 
========================================================================
Received Import Request.
  Time since last request: 1448.574082 seconds.
  path: Assets/Animations/Mellom_Scene_ANI kopi.gif
  artifactKey: Guid(ab07aefb3d99bc94ca9298afac1a1fcc) Importer(815301076,1909f56bfc062723c751e8b465ee728b)
Start importing Assets/Animations/Mellom_Scene_ANI kopi.gif using Guid(ab07aefb3d99bc94ca9298afac1a1fcc) Importer(815301076,1909f56bfc062723c751e8b465ee728b)  -> (artifact id: '52df59054b75e14acc624c8d3d1bee0f') in 0.119904 seconds 
========================================================================
Received Import Request.
  Time since last request: 567.015379 seconds.
  path: Assets/Sprites/Background/2sti_natt.png
  artifactKey: Guid(722c5e1efac7cb54c8ca69e4d09914c1) Importer(815301076,1909f56bfc062723c751e8b465ee728b)
Start importing Assets/Sprites/Background/2sti_natt.png using Guid(722c5e1efac7cb54c8ca69e4d09914c1) Importer(815301076,1909f56bfc062723c751e8b465ee728b)  -> (artifact id: '8c0f927c976aa61af3f57c8a98980105') in 0.028371 seconds 
========================================================================
Received Import Request.
  Time since last request: 2.610221 seconds.
  path: Assets/Sprites/Background/taubro_natt.png
  artifactKey: Guid(f5b22fac01a8df241ba712a26667eebe) Importer(815301076,1909f56bfc062723c751e8b465ee728b)
Start importing Assets/Sprites/Background/taubro_natt.png using Guid(f5b22fac01a8df241ba712a26667eebe) Importer(815301076,1909f56bfc062723c751e8b465ee728b)  -> (artifact id: 'b5ec05b688ddc6658f7f8dcb982967ce') in 0.020373 seconds 
========================================================================
Received Import Request.
  Time since last request: 0.552041 seconds.
  path: Assets/Sprites/Background/taubro.png
  artifactKey: Guid(0bd487ff2f042ff4985aacc7d0b88c54) Importer(815301076,1909f56bfc062723c751e8b465ee728b)
Start importing Assets/Sprites/Background/taubro.png using Guid(0bd487ff2f042ff4985aacc7d0b88c54) Importer(815301076,1909f56bfc062723c751e8b465ee728b)  -> (artifact id: 'eeda3b4df3fb2d3b31953b58ffbf62d6') in 0.013718 seconds 
========================================================================
Received Prepare
Registering precompiled user dll's ...
Registered in 0.005639 seconds.
Begin MonoManager ReloadAssembly
Native extension for LinuxStandalone target not found
Native extension for WindowsStandalone target not found
Native extension for OSXStandalone target not found
Refreshing native plugins compatible for Editor in 0.94 ms, found 4 plugins.
Preloading 0 native plugins for Editor in 0.00 ms.
RefreshInfo: StopAssetImportingV2(NoUpdateAssetOptions) scanfilter: 
RefreshProfiler: Total: 0.000ms
Mono: successfully reloaded assembly
- Completed reload, in  0.961 seconds
Platform modules already initialized, skipping
Refreshing native plugins compatible for Editor in 0.93 ms, found 4 plugins.
Preloading 0 native plugins for Editor in 0.00 ms.
Unloading 1520 Unused Serialized files (Serialized files now loaded: 0)
System memory in use before: 101.7 MB.
System memory in use after: 101.8 MB.

Unloading 74 unused Assets to reduce memory usage. Loaded Objects now: 3981.
Total: 2.190500 ms (FindLiveObjects: 0.236700 ms CreateObjectMapping: 0.128100 ms MarkObjects: 1.734000 ms  DeleteObjects: 0.091000 ms)

========================================================================
Received Prepare
Registering precompiled user dll's ...
Registered in 0.005492 seconds.
Begin MonoManager ReloadAssembly
Native extension for LinuxStandalone target not found
Native extension for WindowsStandalone target not found
Native extension for OSXStandalone target not found
Refreshing native plugins compatible for Editor in 0.92 ms, found 4 plugins.
Preloading 0 native plugins for Editor in 0.00 ms.
RefreshInfo: StopAssetImportingV2(NoUpdateAssetOptions) scanfilter: 
RefreshProfiler: Total: 0.000ms
Mono: successfully reloaded assembly
- Completed reload, in  0.871 seconds
Platform modules already initialized, skipping
Refreshing native plugins compatible for Editor in 0.93 ms, found 4 plugins.
Preloading 0 native plugins for Editor in 0.00 ms.
Unloading 1521 Unused Serialized files (Serialized files now loaded: 0)
System memory in use before: 101.8 MB.
System memory in use after: 101.9 MB.

Unloading 74 unused Assets to reduce memory usage. Loaded Objects now: 3986.
Total: 2.797800 ms (FindLiveObjects: 0.309800 ms CreateObjectMapping: 0.235400 ms MarkObjects: 2.146500 ms  DeleteObjects: 0.105100 ms)

========================================================================
Received Prepare
Registering precompiled user dll's ...
Registered in 0.005591 seconds.
Begin MonoManager ReloadAssembly
Native extension for LinuxStandalone target not found
Native extension for WindowsStandalone target not found
Native extension for OSXStandalone target not found
Refreshing native plugins compatible for Editor in 1.16 ms, found 4 plugins.
Preloading 0 native plugins for Editor in 0.00 ms.
RefreshInfo: StopAssetImportingV2(NoUpdateAssetOptions) scanfilter: 
RefreshProfiler: Total: 0.000ms
Mono: successfully reloaded assembly
- Completed reload, in  0.906 seconds
Platform modules already initialized, skipping
Refreshing native plugins compatible for Editor in 0.94 ms, found 4 plugins.
Preloading 0 native plugins for Editor in 0.00 ms.
Unloading 1521 Unused Serialized files (Serialized files now loaded: 0)
System memory in use before: 101.8 MB.
System memory in use after: 101.9 MB.

Unloading 74 unused Assets to reduce memory usage. Loaded Objects now: 3990.
Total: 2.241300 ms (FindLiveObjects: 0.234600 ms CreateObjectMapping: 0.130500 ms MarkObjects: 1.778400 ms  DeleteObjects: 0.097100 ms)

========================================================================
Received Prepare
Registering precompiled user dll's ...
Registered in 0.005361 seconds.
Begin MonoManager ReloadAssembly
Native extension for LinuxStandalone target not found
Native extension for WindowsStandalone target not found
Native extension for OSXStandalone target not found
Refreshing native plugins compatible for Editor in 0.93 ms, found 4 plugins.
Preloading 0 native plugins for Editor in 0.00 ms.
RefreshInfo: StopAssetImportingV2(NoUpdateAssetOptions) scanfilter: 
RefreshProfiler: Total: 0.000ms
Mono: successfully reloaded assembly
- Completed reload, in  0.828 seconds
Platform modules already initialized, skipping
Refreshing native plugins compatible for Editor in 0.94 ms, found 4 plugins.
Preloading 0 native plugins for Editor in 0.00 ms.
Unloading 1521 Unused Serialized files (Serialized files now loaded: 0)
System memory in use before: 101.8 MB.
System memory in use after: 101.9 MB.

Unloading 74 unused Assets to reduce memory usage. Loaded Objects now: 3994.
Total: 2.227100 ms (FindLiveObjects: 0.224200 ms CreateObjectMapping: 0.133400 ms MarkObjects: 1.781400 ms  DeleteObjects: 0.087400 ms)

========================================================================
Received Prepare
Registering precompiled user dll's ...
Registered in 0.005846 seconds.
Begin MonoManager ReloadAssembly
Native extension for LinuxStandalone target not found
Native extension for WindowsStandalone target not found
Native extension for OSXStandalone target not found
Refreshing native plugins compatible for Editor in 1.07 ms, found 4 plugins.
Preloading 0 native plugins for Editor in 0.00 ms.
RefreshInfo: StopAssetImportingV2(NoUpdateAssetOptions) scanfilter: 
RefreshProfiler: Total: 0.000ms
Mono: successfully reloaded assembly
- Completed reload, in  0.884 seconds
Platform modules already initialized, skipping
Refreshing native plugins compatible for Editor in 0.98 ms, found 4 plugins.
Preloading 0 native plugins for Editor in 0.00 ms.
Unloading 1521 Unused Serialized files (Serialized files now loaded: 0)
System memory in use before: 101.8 MB.
System memory in use after: 101.9 MB.

Unloading 74 unused Assets to reduce memory usage. Loaded Objects now: 3998.
Total: 2.136100 ms (FindLiveObjects: 0.233700 ms CreateObjectMapping: 0.118500 ms MarkObjects: 1.692500 ms  DeleteObjects: 0.090500 ms)

========================================================================
Received Prepare
Registering precompiled user dll's ...
Registered in 0.005253 seconds.
Begin MonoManager ReloadAssembly
Native extension for LinuxStandalone target not found
Native extension for WindowsStandalone target not found
Native extension for OSXStandalone target not found
Refreshing native plugins compatible for Editor in 0.93 ms, found 4 plugins.
Preloading 0 native plugins for Editor in 0.00 ms.
RefreshInfo: StopAssetImportingV2(NoUpdateAssetOptions) scanfilter: 
RefreshProfiler: Total: 0.000ms
Mono: successfully reloaded assembly
- Completed reload, in  0.900 seconds
Platform modules already initialized, skipping
Refreshing native plugins compatible for Editor in 0.90 ms, found 4 plugins.
Preloading 0 native plugins for Editor in 0.00 ms.
Unloading 1521 Unused Serialized files (Serialized files now loaded: 0)
System memory in use before: 101.8 MB.
System memory in use after: 101.9 MB.

Unloading 74 unused Assets to reduce memory usage. Loaded Objects now: 4002.
Total: 2.301500 ms (FindLiveObjects: 0.263300 ms CreateObjectMapping: 0.141400 ms MarkObjects: 1.802100 ms  DeleteObjects: 0.093900 ms)

========================================================================
Received Prepare
Registering precompiled user dll's ...
Registered in 0.005253 seconds.
Begin MonoManager ReloadAssembly
Native extension for LinuxStandalone target not found
Native extension for WindowsStandalone target not found
Native extension for OSXStandalone target not found
Refreshing native plugins compatible for Editor in 0.96 ms, found 4 plugins.
Preloading 0 native plugins for Editor in 0.00 ms.
RefreshInfo: StopAssetImportingV2(NoUpdateAssetOptions) scanfilter: 
RefreshProfiler: Total: 0.000ms
Mono: successfully reloaded assembly
- Completed reload, in  0.907 seconds
Platform modules already initialized, skipping
Refreshing native plugins compatible for Editor in 0.93 ms, found 4 plugins.
Preloading 0 native plugins for Editor in 0.00 ms.
Unloading 1521 Unused Serialized files (Serialized files now loaded: 0)
System memory in use before: 101.9 MB.
System memory in use after: 102.0 MB.

Unloading 74 unused Assets to reduce memory usage. Loaded Objects now: 4006.
Total: 2.252300 ms (FindLiveObjects: 0.297600 ms CreateObjectMapping: 0.159600 ms MarkObjects: 1.700300 ms  DeleteObjects: 0.093900 ms)

========================================================================
Received Prepare
Registering precompiled user dll's ...
Registered in 0.005283 seconds.
Begin MonoManager ReloadAssembly
Native extension for LinuxStandalone target not found
Native extension for WindowsStandalone target not found
Native extension for OSXStandalone target not found
Refreshing native plugins compatible for Editor in 0.93 ms, found 4 plugins.
Preloading 0 native plugins for Editor in 0.00 ms.
RefreshInfo: StopAssetImportingV2(NoUpdateAssetOptions) scanfilter: 
RefreshProfiler: Total: 0.000ms
Mono: successfully reloaded assembly
- Completed reload, in  0.825 seconds
Platform modules already initialized, skipping
Refreshing native plugins compatible for Editor in 0.94 ms, found 4 plugins.
Preloading 0 native plugins for Editor in 0.00 ms.
Unloading 1521 Unused Serialized files (Serialized files now loaded: 0)
System memory in use before: 101.9 MB.
System memory in use after: 102.0 MB.

Unloading 74 unused Assets to reduce memory usage. Loaded Objects now: 4010.
Total: 2.259300 ms (FindLiveObjects: 0.239300 ms CreateObjectMapping: 0.138700 ms MarkObjects: 1.784100 ms  DeleteObjects: 0.096700 ms)

========================================================================
Received Prepare
Registering precompiled user dll's ...
Registered in 0.005246 seconds.
Begin MonoManager ReloadAssembly
Native extension for LinuxStandalone target not found
Native extension for WindowsStandalone target not found
Native extension for OSXStandalone target not found
Refreshing native plugins compatible for Editor in 0.91 ms, found 4 plugins.
Preloading 0 native plugins for Editor in 0.00 ms.
RefreshInfo: StopAssetImportingV2(NoUpdateAssetOptions) scanfilter: 
RefreshProfiler: Total: 0.000ms
Mono: successfully reloaded assembly
- Completed reload, in  0.816 seconds
Platform modules already initialized, skipping
Refreshing native plugins compatible for Editor in 1.01 ms, found 4 plugins.
Preloading 0 native plugins for Editor in 0.00 ms.
Unloading 1521 Unused Serialized files (Serialized files now loaded: 0)
System memory in use before: 101.9 MB.
System memory in use after: 102.0 MB.

Unloading 74 unused Assets to reduce memory usage. Loaded Objects now: 4014.
Total: 2.566000 ms (FindLiveObjects: 0.304700 ms CreateObjectMapping: 0.217000 ms MarkObjects: 1.879800 ms  DeleteObjects: 0.163300 ms)

========================================================================
Received Prepare
Registering precompiled user dll's ...
Registered in 0.005243 seconds.
Begin MonoManager ReloadAssembly
Native extension for LinuxStandalone target not found
Native extension for WindowsStandalone target not found
Native extension for OSXStandalone target not found
Refreshing native plugins compatible for Editor in 0.92 ms, found 4 plugins.
Preloading 0 native plugins for Editor in 0.00 ms.
RefreshInfo: StopAssetImportingV2(NoUpdateAssetOptions) scanfilter: 
RefreshProfiler: Total: 0.000ms
Mono: successfully reloaded assembly
- Completed reload, in  0.833 seconds
Platform modules already initialized, skipping
Refreshing native plugins compatible for Editor in 0.95 ms, found 4 plugins.
Preloading 0 native plugins for Editor in 0.00 ms.
Unloading 1521 Unused Serialized files (Serialized files now loaded: 0)
System memory in use before: 101.8 MB.
System memory in use after: 101.9 MB.

Unloading 74 unused Assets to reduce memory usage. Loaded Objects now: 4018.
Total: 2.337000 ms (FindLiveObjects: 0.260600 ms CreateObjectMapping: 0.166300 ms MarkObjects: 1.803200 ms  DeleteObjects: 0.106400 ms)

========================================================================
Received Prepare
Registering precompiled user dll's ...
Registered in 0.005671 seconds.
Begin MonoManager ReloadAssembly
Native extension for LinuxStandalone target not found
Native extension for WindowsStandalone target not found
Native extension for OSXStandalone target not found
Refreshing native plugins compatible for Editor in 0.91 ms, found 4 plugins.
Preloading 0 native plugins for Editor in 0.00 ms.
RefreshInfo: StopAssetImportingV2(NoUpdateAssetOptions) scanfilter: 
RefreshProfiler: Total: 0.000ms
Mono: successfully reloaded assembly
- Completed reload, in  0.901 seconds
Platform modules already initialized, skipping
Refreshing native plugins compatible for Editor in 0.91 ms, found 4 plugins.
Preloading 0 native plugins for Editor in 0.00 ms.
Unloading 1521 Unused Serialized files (Serialized files now loaded: 0)
System memory in use before: 101.9 MB.
System memory in use after: 102.0 MB.

Unloading 74 unused Assets to reduce memory usage. Loaded Objects now: 4022.
Total: 2.519600 ms (FindLiveObjects: 0.304300 ms CreateObjectMapping: 0.221600 ms MarkObjects: 1.891700 ms  DeleteObjects: 0.101200 ms)

========================================================================
Received Prepare
Registering precompiled user dll's ...
Registered in 0.005214 seconds.
Begin MonoManager ReloadAssembly
Native extension for LinuxStandalone target not found
Native extension for WindowsStandalone target not found
Native extension for OSXStandalone target not found
Refreshing native plugins compatible for Editor in 0.91 ms, found 4 plugins.
Preloading 0 native plugins for Editor in 0.00 ms.
RefreshInfo: StopAssetImportingV2(NoUpdateAssetOptions) scanfilter: 
RefreshProfiler: Total: 0.000ms
Mono: successfully reloaded assembly
- Completed reload, in  0.840 seconds
Platform modules already initialized, skipping
Refreshing native plugins compatible for Editor in 0.91 ms, found 4 plugins.
Preloading 0 native plugins for Editor in 0.00 ms.
Unloading 1521 Unused Serialized files (Serialized files now loaded: 0)
System memory in use before: 101.9 MB.
System memory in use after: 102.0 MB.

Unloading 74 unused Assets to reduce memory usage. Loaded Objects now: 4026.
Total: 2.796000 ms (FindLiveObjects: 0.283300 ms CreateObjectMapping: 0.181100 ms MarkObjects: 2.227000 ms  DeleteObjects: 0.103600 ms)

========================================================================
Received Prepare
Registering precompiled user dll's ...
Registered in 0.005425 seconds.
Begin MonoManager ReloadAssembly
Native extension for LinuxStandalone target not found
Native extension for WindowsStandalone target not found
Native extension for OSXStandalone target not found
Refreshing native plugins compatible for Editor in 0.97 ms, found 4 plugins.
Preloading 0 native plugins for Editor in 0.00 ms.
RefreshInfo: StopAssetImportingV2(NoUpdateAssetOptions) scanfilter: 
RefreshProfiler: Total: 0.000ms
Mono: successfully reloaded assembly
- Completed reload, in  0.826 seconds
Platform modules already initialized, skipping
Refreshing native plugins compatible for Editor in 0.91 ms, found 4 plugins.
Preloading 0 native plugins for Editor in 0.00 ms.
Unloading 1521 Unused Serialized files (Serialized files now loaded: 0)
System memory in use before: 101.9 MB.
System memory in use after: 102.0 MB.

Unloading 74 unused Assets to reduce memory usage. Loaded Objects now: 4030.
Total: 2.161800 ms (FindLiveObjects: 0.226200 ms CreateObjectMapping: 0.129400 ms MarkObjects: 1.717800 ms  DeleteObjects: 0.087600 ms)

========================================================================
Received Prepare
Registering precompiled user dll's ...
Registered in 0.005501 seconds.
Begin MonoManager ReloadAssembly
Native extension for LinuxStandalone target not found
Native extension for WindowsStandalone target not found
Native extension for OSXStandalone target not found
Refreshing native plugins compatible for Editor in 0.93 ms, found 4 plugins.
Preloading 0 native plugins for Editor in 0.00 ms.
RefreshInfo: StopAssetImportingV2(NoUpdateAssetOptions) scanfilter: 
RefreshProfiler: Total: 0.000ms
Mono: successfully reloaded assembly
- Completed reload, in  0.823 seconds
Platform modules already initialized, skipping
Refreshing native plugins compatible for Editor in 1.50 ms, found 4 plugins.
Preloading 0 native plugins for Editor in 0.00 ms.
Unloading 1521 Unused Serialized files (Serialized files now loaded: 0)
System memory in use before: 101.9 MB.
System memory in use after: 102.0 MB.

Unloading 74 unused Assets to reduce memory usage. Loaded Objects now: 4034.
Total: 2.528300 ms (FindLiveObjects: 0.271000 ms CreateObjectMapping: 0.173600 ms MarkObjects: 1.983000 ms  DeleteObjects: 0.100200 ms)

========================================================================
Received Prepare
Registering precompiled user dll's ...
Registered in 0.005387 seconds.
Begin MonoManager ReloadAssembly
Native extension for LinuxStandalone target not found
Native extension for WindowsStandalone target not found
Native extension for OSXStandalone target not found
Refreshing native plugins compatible for Editor in 0.93 ms, found 4 plugins.
Preloading 0 native plugins for Editor in 0.00 ms.
RefreshInfo: StopAssetImportingV2(NoUpdateAssetOptions) scanfilter: 
RefreshProfiler: Total: 0.000ms
Mono: successfully reloaded assembly
- Completed reload, in  0.893 seconds
Platform modules already initialized, skipping
Refreshing native plugins compatible for Editor in 0.92 ms, found 4 plugins.
Preloading 0 native plugins for Editor in 0.00 ms.
Unloading 1521 Unused Serialized files (Serialized files now loaded: 0)
System memory in use before: 101.9 MB.
System memory in use after: 102.1 MB.

Unloading 74 unused Assets to reduce memory usage. Loaded Objects now: 4038.
Total: 2.169200 ms (FindLiveObjects: 0.226200 ms CreateObjectMapping: 0.123200 ms MarkObjects: 1.729400 ms  DeleteObjects: 0.089700 ms)

========================================================================
Received Prepare
Registering precompiled user dll's ...
Registered in 0.005258 seconds.
Begin MonoManager ReloadAssembly
Native extension for LinuxStandalone target not found
Native extension for WindowsStandalone target not found
Native extension for OSXStandalone target not found
Refreshing native plugins compatible for Editor in 0.93 ms, found 4 plugins.
Preloading 0 native plugins for Editor in 0.00 ms.
RefreshInfo: StopAssetImportingV2(NoUpdateAssetOptions) scanfilter: 
RefreshProfiler: Total: 0.000ms
Mono: successfully reloaded assembly
- Completed reload, in  0.874 seconds
Platform modules already initialized, skipping
Refreshing native plugins compatible for Editor in 0.99 ms, found 4 plugins.
Preloading 0 native plugins for Editor in 0.00 ms.
Unloading 1521 Unused Serialized files (Serialized files now loaded: 0)
System memory in use before: 102.0 MB.
System memory in use after: 102.1 MB.

Unloading 74 unused Assets to reduce memory usage. Loaded Objects now: 4042.
Total: 2.532300 ms (FindLiveObjects: 0.253800 ms CreateObjectMapping: 0.151300 ms MarkObjects: 2.021600 ms  DeleteObjects: 0.105100 ms)

========================================================================
Received Prepare
Registering precompiled user dll's ...
Registered in 0.005368 seconds.
Begin MonoManager ReloadAssembly
Native extension for LinuxStandalone target not found
Native extension for WindowsStandalone target not found
Native extension for OSXStandalone target not found
Refreshing native plugins compatible for Editor in 1.04 ms, found 4 plugins.
Preloading 0 native plugins for Editor in 0.00 ms.
RefreshInfo: StopAssetImportingV2(NoUpdateAssetOptions) scanfilter: 
RefreshProfiler: Total: 0.000ms
Mono: successfully reloaded assembly
- Completed reload, in  0.821 seconds
Platform modules already initialized, skipping
Refreshing native plugins compatible for Editor in 0.98 ms, found 4 plugins.
Preloading 0 native plugins for Editor in 0.00 ms.
Unloading 1521 Unused Serialized files (Serialized files now loaded: 0)
System memory in use before: 102.0 MB.
System memory in use after: 102.1 MB.

Unloading 74 unused Assets to reduce memory usage. Loaded Objects now: 4046.
Total: 2.504000 ms (FindLiveObjects: 0.310600 ms CreateObjectMapping: 0.144900 ms MarkObjects: 1.952500 ms  DeleteObjects: 0.095500 ms)

========================================================================
Received Prepare
Registering precompiled user dll's ...
Registered in 0.005272 seconds.
Begin MonoManager ReloadAssembly
Native extension for LinuxStandalone target not found
Native extension for WindowsStandalone target not found
Native extension for OSXStandalone target not found
Refreshing native plugins compatible for Editor in 0.94 ms, found 4 plugins.
Preloading 0 native plugins for Editor in 0.00 ms.
RefreshInfo: StopAssetImportingV2(NoUpdateAssetOptions) scanfilter: 
RefreshProfiler: Total: 0.000ms
Mono: successfully reloaded assembly
- Completed reload, in  0.887 seconds
Platform modules already initialized, skipping
Refreshing native plugins compatible for Editor in 0.91 ms, found 4 plugins.
Preloading 0 native plugins for Editor in 0.00 ms.
Unloading 1521 Unused Serialized files (Serialized files now loaded: 0)
System memory in use before: 102.0 MB.
System memory in use after: 102.1 MB.

Unloading 74 unused Assets to reduce memory usage. Loaded Objects now: 4050.
Total: 2.563700 ms (FindLiveObjects: 0.275800 ms CreateObjectMapping: 0.180100 ms MarkObjects: 2.006200 ms  DeleteObjects: 0.100800 ms)

========================================================================
Received Import Request.
  Time since last request: 1799.923602 seconds.
  path: Assets/sct_TimeCheck.cs
  artifactKey: Guid(b2e793dd685d86a499e14004fe404645) Importer(815301076,1909f56bfc062723c751e8b465ee728b)
Start importing Assets/sct_TimeCheck.cs using Guid(b2e793dd685d86a499e14004fe404645) Importer(815301076,1909f56bfc062723c751e8b465ee728b)  -> (artifact id: '22007d6a4b70166cafd677c1f82efb4d') in 0.014665 seconds 
========================================================================
Received Import Request.
  Time since last request: 1.093168 seconds.
  path: Assets/sct_GameManager.cs
  artifactKey: Guid(a36c2b05652caf84dac3adab2973a5ab) Importer(815301076,1909f56bfc062723c751e8b465ee728b)
Start importing Assets/sct_GameManager.cs using Guid(a36c2b05652caf84dac3adab2973a5ab) Importer(815301076,1909f56bfc062723c751e8b465ee728b)  -> (artifact id: '634af0fd19b864f48f1a83a2daad7a8b') in 0.005191 seconds 
========================================================================
Received Prepare
Registering precompiled user dll's ...
Registered in 0.005452 seconds.
Begin MonoManager ReloadAssembly
Native extension for LinuxStandalone target not found
Native extension for WindowsStandalone target not found
Native extension for OSXStandalone target not found
Refreshing native plugins compatible for Editor in 0.94 ms, found 4 plugins.
Preloading 0 native plugins for Editor in 0.00 ms.
RefreshInfo: StopAssetImportingV2(NoUpdateAssetOptions) scanfilter: 
RefreshProfiler: Total: 0.000ms
Mono: successfully reloaded assembly
- Completed reload, in  0.908 seconds
Platform modules already initialized, skipping
Refreshing native plugins compatible for Editor in 0.91 ms, found 4 plugins.
Preloading 0 native plugins for Editor in 0.00 ms.
Unloading 1521 Unused Serialized files (Serialized files now loaded: 0)
System memory in use before: 102.0 MB.
System memory in use after: 102.1 MB.

Unloading 74 unused Assets to reduce memory usage. Loaded Objects now: 4054.
Total: 2.168800 ms (FindLiveObjects: 0.217100 ms CreateObjectMapping: 0.112900 ms MarkObjects: 1.742100 ms  DeleteObjects: 0.096200 ms)

========================================================================
Received Import Request.
  Time since last request: 29.806942 seconds.
  path: Assets/Prefabs/GameManager.prefab
  artifactKey: Guid(9c0c7a7aeeae6f547bfa4237b6cabfae) Importer(815301076,1909f56bfc062723c751e8b465ee728b)
Start importing Assets/Prefabs/GameManager.prefab using Guid(9c0c7a7aeeae6f547bfa4237b6cabfae) Importer(815301076,1909f56bfc062723c751e8b465ee728b)  -> (artifact id: 'bd208c8cc4334b5d2da8446bc5d84679') in 0.029550 seconds 
========================================================================
Received Prepare
Registering precompiled user dll's ...
Registered in 0.006662 seconds.
Begin MonoManager ReloadAssembly
Native extension for LinuxStandalone target not found
Native extension for WindowsStandalone target not found
Native extension for OSXStandalone target not found
Refreshing native plugins compatible for Editor in 0.97 ms, found 4 plugins.
Preloading 0 native plugins for Editor in 0.00 ms.
RefreshInfo: StopAssetImportingV2(NoUpdateAssetOptions) scanfilter: 
RefreshProfiler: Total: 0.000ms
Mono: successfully reloaded assembly
- Completed reload, in  1.024 seconds
Platform modules already initialized, skipping
Refreshing native plugins compatible for Editor in 1.06 ms, found 4 plugins.
Preloading 0 native plugins for Editor in 0.00 ms.
Unloading 1522 Unused Serialized files (Serialized files now loaded: 0)
System memory in use before: 102.0 MB.
System memory in use after: 102.1 MB.

Unloading 74 unused Assets to reduce memory usage. Loaded Objects now: 4059.
Total: 2.551000 ms (FindLiveObjects: 0.261200 ms CreateObjectMapping: 0.131400 ms MarkObjects: 2.040500 ms  DeleteObjects: 0.116900 ms)

========================================================================
Received Prepare
Registering precompiled user dll's ...
Registered in 0.005205 seconds.
Begin MonoManager ReloadAssembly
Native extension for LinuxStandalone target not found
Native extension for WindowsStandalone target not found
Native extension for OSXStandalone target not found
Refreshing native plugins compatible for Editor in 0.92 ms, found 4 plugins.
Preloading 0 native plugins for Editor in 0.00 ms.
RefreshInfo: StopAssetImportingV2(NoUpdateAssetOptions) scanfilter: 
RefreshProfiler: Total: 0.000ms
Mono: successfully reloaded assembly
- Completed reload, in  0.906 seconds
Platform modules already initialized, skipping
Refreshing native plugins compatible for Editor in 0.93 ms, found 4 plugins.
Preloading 0 native plugins for Editor in 0.00 ms.
Unloading 1522 Unused Serialized files (Serialized files now loaded: 0)
System memory in use before: 102.0 MB.
System memory in use after: 102.1 MB.

Unloading 74 unused Assets to reduce memory usage. Loaded Objects now: 4063.
Total: 2.192400 ms (FindLiveObjects: 0.264400 ms CreateObjectMapping: 0.148200 ms MarkObjects: 1.689500 ms  DeleteObjects: 0.089900 ms)

========================================================================
Received Prepare
Registering precompiled user dll's ...
Registered in 0.005253 seconds.
Begin MonoManager ReloadAssembly
Native extension for LinuxStandalone target not found
Native extension for WindowsStandalone target not found
Native extension for OSXStandalone target not found
Refreshing native plugins compatible for Editor in 0.94 ms, found 4 plugins.
Preloading 0 native plugins for Editor in 0.00 ms.
RefreshInfo: StopAssetImportingV2(NoUpdateAssetOptions) scanfilter: 
RefreshProfiler: Total: 0.000ms
Mono: successfully reloaded assembly
- Completed reload, in  0.831 seconds
Platform modules already initialized, skipping
Refreshing native plugins compatible for Editor in 0.91 ms, found 4 plugins.
Preloading 0 native plugins for Editor in 0.00 ms.
Unloading 1522 Unused Serialized files (Serialized files now loaded: 0)
System memory in use before: 102.0 MB.
System memory in use after: 102.1 MB.

Unloading 74 unused Assets to reduce memory usage. Loaded Objects now: 4067.
Total: 2.420700 ms (FindLiveObjects: 0.254900 ms CreateObjectMapping: 0.145100 ms MarkObjects: 1.923300 ms  DeleteObjects: 0.096500 ms)

========================================================================
Received Import Request.
  Time since last request: 312.225352 seconds.
  path: Assets/Scenes/6_Brovei.unity
  artifactKey: Guid(4a3fb358cda0d7c459d7cfe528e5bc05) Importer(815301076,1909f56bfc062723c751e8b465ee728b)
Start importing Assets/Scenes/6_Brovei.unity using Guid(4a3fb358cda0d7c459d7cfe528e5bc05) Importer(815301076,1909f56bfc062723c751e8b465ee728b)  -> (artifact id: '6d12fd048bd124e0f75820440a307bde') in 0.013612 seconds 
========================================================================
Received Prepare
Registering precompiled user dll's ...
Registered in 0.005338 seconds.
Begin MonoManager ReloadAssembly
Native extension for LinuxStandalone target not found
Native extension for WindowsStandalone target not found
Native extension for OSXStandalone target not found
Refreshing native plugins compatible for Editor in 0.93 ms, found 4 plugins.
Preloading 0 native plugins for Editor in 0.00 ms.
RefreshInfo: StopAssetImportingV2(NoUpdateAssetOptions) scanfilter: 
RefreshProfiler: Total: 0.000ms
Mono: successfully reloaded assembly
- Completed reload, in  0.821 seconds
Platform modules already initialized, skipping
Refreshing native plugins compatible for Editor in 0.94 ms, found 4 plugins.
Preloading 0 native plugins for Editor in 0.00 ms.
Unloading 1522 Unused Serialized files (Serialized files now loaded: 0)
System memory in use before: 102.1 MB.
System memory in use after: 102.2 MB.

Unloading 74 unused Assets to reduce memory usage. Loaded Objects now: 4071.
Total: 2.542400 ms (FindLiveObjects: 0.242800 ms CreateObjectMapping: 0.131200 ms MarkObjects: 2.072700 ms  DeleteObjects: 0.094300 ms)

========================================================================
Received Prepare
Registering precompiled user dll's ...
Registered in 0.005268 seconds.
Begin MonoManager ReloadAssembly
Native extension for LinuxStandalone target not found
Native extension for WindowsStandalone target not found
Native extension for OSXStandalone target not found
Refreshing native plugins compatible for Editor in 0.92 ms, found 4 plugins.
Preloading 0 native plugins for Editor in 0.00 ms.
RefreshInfo: StopAssetImportingV2(NoUpdateAssetOptions) scanfilter: 
RefreshProfiler: Total: 0.000ms
Mono: successfully reloaded assembly
- Completed reload, in  0.838 seconds
Platform modules already initialized, skipping
Refreshing native plugins compatible for Editor in 0.93 ms, found 4 plugins.
Preloading 0 native plugins for Editor in 0.00 ms.
Unloading 1522 Unused Serialized files (Serialized files now loaded: 0)
System memory in use before: 102.1 MB.
System memory in use after: 102.2 MB.

Unloading 74 unused Assets to reduce memory usage. Loaded Objects now: 4075.
Total: 2.359700 ms (FindLiveObjects: 0.276700 ms CreateObjectMapping: 0.146100 ms MarkObjects: 1.845200 ms  DeleteObjects: 0.091100 ms)

========================================================================
Received Prepare
Registering precompiled user dll's ...
Registered in 0.005295 seconds.
Begin MonoManager ReloadAssembly
Native extension for LinuxStandalone target not found
Native extension for WindowsStandalone target not found
Native extension for OSXStandalone target not found
Refreshing native plugins compatible for Editor in 0.92 ms, found 4 plugins.
Preloading 0 native plugins for Editor in 0.00 ms.
RefreshInfo: StopAssetImportingV2(NoUpdateAssetOptions) scanfilter: 
RefreshProfiler: Total: 0.000ms
Mono: successfully reloaded assembly
- Completed reload, in  0.935 seconds
Platform modules already initialized, skipping
Refreshing native plugins compatible for Editor in 0.94 ms, found 4 plugins.
Preloading 0 native plugins for Editor in 0.00 ms.
Unloading 1522 Unused Serialized files (Serialized files now loaded: 0)
System memory in use before: 102.1 MB.
System memory in use after: 102.2 MB.

Unloading 74 unused Assets to reduce memory usage. Loaded Objects now: 4079.
Total: 2.273000 ms (FindLiveObjects: 0.246500 ms CreateObjectMapping: 0.145100 ms MarkObjects: 1.780400 ms  DeleteObjects: 0.100400 ms)

========================================================================
Received Import Request.
  Time since last request: 1585.354539 seconds.
  path: Assets/Scripts/Scenes
  artifactKey: Guid(b76e13aa058ee1840a0c5b56bc35b00d) Importer(815301076,1909f56bfc062723c751e8b465ee728b)
Start importing Assets/Scripts/Scenes using Guid(b76e13aa058ee1840a0c5b56bc35b00d) Importer(815301076,1909f56bfc062723c751e8b465ee728b)  -> (artifact id: '1b691820816cbe1587289fcce4bcdcdf') in 0.012136 seconds 
========================================================================
Received Import Request.
  Time since last request: 7.289025 seconds.
  path: Assets/Scripts/SceneScripts
  artifactKey: Guid(b76e13aa058ee1840a0c5b56bc35b00d) Importer(815301076,1909f56bfc062723c751e8b465ee728b)
Start importing Assets/Scripts/SceneScripts using Guid(b76e13aa058ee1840a0c5b56bc35b00d) Importer(815301076,1909f56bfc062723c751e8b465ee728b)  -> (artifact id: '6277089f3027d77a04e3d0b7250505ce') in 0.014283 seconds 
========================================================================
Received Import Request.
  Time since last request: 1.536599 seconds.
  path: Assets/Scripts/SwitchScene.cs
  artifactKey: Guid(e49416bba36f02d48993f8fd62fd3829) Importer(815301076,1909f56bfc062723c751e8b465ee728b)
Start importing Assets/Scripts/SwitchScene.cs using Guid(e49416bba36f02d48993f8fd62fd3829) Importer(815301076,1909f56bfc062723c751e8b465ee728b)  -> (artifact id: 'c948d1f84e6d5dd602d0bf740553a905') in 0.005456 seconds 
========================================================================
Received Import Request.
  Time since last request: 6.967488 seconds.
  path: Assets/Scripts/sct_TimeCheck.cs
  artifactKey: Guid(b2e793dd685d86a499e14004fe404645) Importer(815301076,1909f56bfc062723c751e8b465ee728b)
Start importing Assets/Scripts/sct_TimeCheck.cs using Guid(b2e793dd685d86a499e14004fe404645) Importer(815301076,1909f56bfc062723c751e8b465ee728b)  -> (artifact id: '09b0b935555faea2622363bd121bc310') in 0.002028 seconds 
========================================================================
Received Prepare
Registering precompiled user dll's ...
Registered in 0.005339 seconds.
Begin MonoManager ReloadAssembly
Native extension for LinuxStandalone target not found
Native extension for WindowsStandalone target not found
Native extension for OSXStandalone target not found
Refreshing native plugins compatible for Editor in 0.93 ms, found 4 plugins.
Preloading 0 native plugins for Editor in 0.00 ms.
RefreshInfo: StopAssetImportingV2(NoUpdateAssetOptions) scanfilter: 
RefreshProfiler: Total: 0.000ms
Mono: successfully reloaded assembly
- Completed reload, in  0.914 seconds
Platform modules already initialized, skipping
Refreshing native plugins compatible for Editor in 0.92 ms, found 4 plugins.
Preloading 0 native plugins for Editor in 0.00 ms.
Unloading 1522 Unused Serialized files (Serialized files now loaded: 0)
System memory in use before: 102.1 MB.
System memory in use after: 102.2 MB.

Unloading 74 unused Assets to reduce memory usage. Loaded Objects now: 4083.
Total: 2.451300 ms (FindLiveObjects: 0.270600 ms CreateObjectMapping: 0.148300 ms MarkObjects: 1.939000 ms  DeleteObjects: 0.092700 ms)

========================================================================
Received Import Request.
  Time since last request: 38.833975 seconds.
  path: Assets/Scenes/3_TreVei.unity
  artifactKey: Guid(97e95d1c5b73f5745a453fee3f19f874) Importer(815301076,1909f56bfc062723c751e8b465ee728b)
Start importing Assets/Scenes/3_TreVei.unity using Guid(97e95d1c5b73f5745a453fee3f19f874) Importer(815301076,1909f56bfc062723c751e8b465ee728b)  -> (artifact id: 'afe462629a4d64ddc1a0afbc9895163d') in 0.013901 seconds 
========================================================================
Received Import Request.
  Time since last request: 24.270797 seconds.
  path: Assets/Sprites/Background/3sti_dag.png
  artifactKey: Guid(65c3aa72c56c0df4985477651377bfa3) Importer(815301076,1909f56bfc062723c751e8b465ee728b)
Start importing Assets/Sprites/Background/3sti_dag.png using Guid(65c3aa72c56c0df4985477651377bfa3) Importer(815301076,1909f56bfc062723c751e8b465ee728b)  -> (artifact id: '4622748a9ff4dfb70e80706429a8e578') in 0.041377 seconds 
========================================================================
Received Import Request.
  Time since last request: 0.346236 seconds.
  path: Assets/Sprites/Background/3sti_morgen.png
  artifactKey: Guid(aa6a7a0daa4f40a4a9a3ee0dc70c93af) Importer(815301076,1909f56bfc062723c751e8b465ee728b)
Start importing Assets/Sprites/Background/3sti_morgen.png using Guid(aa6a7a0daa4f40a4a9a3ee0dc70c93af) Importer(815301076,1909f56bfc062723c751e8b465ee728b)  -> (artifact id: '77f587747cc05596bb17906d2d979996') in 0.013473 seconds 
========================================================================
Received Import Request.
  Time since last request: 3.433241 seconds.
  path: Assets/Sprites/Background/3sti_natt.png
  artifactKey: Guid(378fdfb4043cb9446a84e9c89124bbd3) Importer(815301076,1909f56bfc062723c751e8b465ee728b)
Start importing Assets/Sprites/Background/3sti_natt.png using Guid(378fdfb4043cb9446a84e9c89124bbd3) Importer(815301076,1909f56bfc062723c751e8b465ee728b)  -> (artifact id: 'e1d0001e3df758960850746993a738c2') in 0.017045 seconds 
========================================================================
Received Prepare
Registering precompiled user dll's ...
Registered in 0.005512 seconds.
Begin MonoManager ReloadAssembly
Native extension for LinuxStandalone target not found
Native extension for WindowsStandalone target not found
Native extension for OSXStandalone target not found
Refreshing native plugins compatible for Editor in 0.96 ms, found 4 plugins.
Preloading 0 native plugins for Editor in 0.00 ms.
RefreshInfo: StopAssetImportingV2(NoUpdateAssetOptions) scanfilter: 
RefreshProfiler: Total: 0.000ms
Mono: successfully reloaded assembly
- Completed reload, in  0.975 seconds
Platform modules already initialized, skipping
Refreshing native plugins compatible for Editor in 0.94 ms, found 4 plugins.
Preloading 0 native plugins for Editor in 0.00 ms.
Unloading 1522 Unused Serialized files (Serialized files now loaded: 0)
System memory in use before: 106.3 MB.
System memory in use after: 106.4 MB.

Unloading 74 unused Assets to reduce memory usage. Loaded Objects now: 4133.
Total: 2.220000 ms (FindLiveObjects: 0.237000 ms CreateObjectMapping: 0.117300 ms MarkObjects: 1.772400 ms  DeleteObjects: 0.092400 ms)

========================================================================
Received Import Request.
  Time since last request: 2261.033879 seconds.
  path: Assets/Art/Items/Spade.png
  artifactKey: Guid(9daef5c49e6d12c4cb9fcf86be9dbf37) Importer(815301076,1909f56bfc062723c751e8b465ee728b)
Start importing Assets/Art/Items/Spade.png using Guid(9daef5c49e6d12c4cb9fcf86be9dbf37) Importer(815301076,1909f56bfc062723c751e8b465ee728b)  -> (artifact id: '24694c2562195e3f468cc16a38b23697') in 0.057646 seconds 
========================================================================
Received Import Request.
  Time since last request: 0.000207 seconds.
  path: Assets/Art/Items/Åpent kjøleskap.png
  artifactKey: Guid(6992289efb82ade4c85cbfdc12f1e42e) Importer(815301076,1909f56bfc062723c751e8b465ee728b)
Start importing Assets/Art/Items/Åpent kjøleskap.png using Guid(6992289efb82ade4c85cbfdc12f1e42e) Importer(815301076,1909f56bfc062723c751e8b465ee728b)  -> (artifact id: '47d4b56e71a0fb4907391b415da1454f') in 0.020371 seconds 
========================================================================
Received Import Request.
  Time since last request: 0.000269 seconds.
  path: Assets/Sprites/Background/taubro_dag.png
  artifactKey: Guid(9d2e00a78fa476e4c9f57cc49f1e9a52) Importer(815301076,1909f56bfc062723c751e8b465ee728b)
Start importing Assets/Sprites/Background/taubro_dag.png using Guid(9d2e00a78fa476e4c9f57cc49f1e9a52) Importer(815301076,1909f56bfc062723c751e8b465ee728b)  -> (artifact id: '644a603716ee54f9957d2131f24438af') in 0.079780 seconds 
========================================================================
Received Import Request.
  Time since last request: 0.000202 seconds.
  path: Assets/Art/Items/ødelagtsko_animasjon.gif
  artifactKey: Guid(4e7e41db73299bf43af2716c8e1a418d) Importer(815301076,1909f56bfc062723c751e8b465ee728b)
Start importing Assets/Art/Items/ødelagtsko_animasjon.gif using Guid(4e7e41db73299bf43af2716c8e1a418d) Importer(815301076,1909f56bfc062723c751e8b465ee728b)  -> (artifact id: '9943602f5bf0844a5b854cafdbc5333a') in 0.018686 seconds 
========================================================================
Received Import Request.
  Time since last request: 0.000189 seconds.
  path: Assets/Sprites/Background/taubro_morgen.png
  artifactKey: Guid(b93c45bdb0d770b4a928567ccc9b64c1) Importer(815301076,1909f56bfc062723c751e8b465ee728b)
Start importing Assets/Sprites/Background/taubro_morgen.png using Guid(b93c45bdb0d770b4a928567ccc9b64c1) Importer(815301076,1909f56bfc062723c751e8b465ee728b)  -> (artifact id: '60b1439b1c7c69ddb7fd3832d10ab83d') in 0.012536 seconds 
========================================================================
Received Import Request.
  Time since last request: 3.075405 seconds.
  path: Assets/Art/Items/Sko.png
  artifactKey: Guid(e7afe47ea6993b645a4f3ad7b03dc21d) Importer(815301076,1909f56bfc062723c751e8b465ee728b)
Start importing Assets/Art/Items/Sko.png using Guid(e7afe47ea6993b645a4f3ad7b03dc21d) Importer(815301076,1909f56bfc062723c751e8b465ee728b)  -> (artifact id: '39175759bfc351b4a8cff4ca902ef51a') in 0.017496 seconds 
========================================================================
Received Import Request.
  Time since last request: 0.000215 seconds.
  path: Assets/Art/Items/Sko hel.png
  artifactKey: Guid(726a513a15567d54fadf8ca4950081f7) Importer(815301076,1909f56bfc062723c751e8b465ee728b)
Start importing Assets/Art/Items/Sko hel.png using Guid(726a513a15567d54fadf8ca4950081f7) Importer(815301076,1909f56bfc062723c751e8b465ee728b)  -> (artifact id: '998a165eba955121df04173cd0a531ca') in 0.016329 seconds 
========================================================================
Received Import Request.
  Time since last request: 0.000262 seconds.
  path: Assets/Art/Items/Solbriller.png
  artifactKey: Guid(e79022edd37c08d47aa246672338b547) Importer(815301076,1909f56bfc062723c751e8b465ee728b)
Start importing Assets/Art/Items/Solbriller.png using Guid(e79022edd37c08d47aa246672338b547) Importer(815301076,1909f56bfc062723c751e8b465ee728b)  -> (artifact id: '376be83406bbd3e1cf76721ab6c0e512') in 0.015843 seconds 
========================================================================
Received Import Request.
  Time since last request: 0.000267 seconds.
  path: Assets/Art/Items/Sko ødelagt.png
  artifactKey: Guid(8e0b2e572b450fa4f9eafbd5a9941622) Importer(815301076,1909f56bfc062723c751e8b465ee728b)
Start importing Assets/Art/Items/Sko ødelagt.png using Guid(8e0b2e572b450fa4f9eafbd5a9941622) Importer(815301076,1909f56bfc062723c751e8b465ee728b)  -> (artifact id: '44f1554507581ebe11793dbcf1117393') in 0.068069 seconds 
========================================================================
Received Import Request.
  Time since last request: 1.360903 seconds.
  path: Assets/Art/Items/mobil.png
  artifactKey: Guid(344e1a11f2045a041bd113e880eb3a5c) Importer(815301076,1909f56bfc062723c751e8b465ee728b)
Start importing Assets/Art/Items/mobil.png using Guid(344e1a11f2045a041bd113e880eb3a5c) Importer(815301076,1909f56bfc062723c751e8b465ee728b)  -> (artifact id: 'c1c1c4e13b3c6ebbfb0287ddd66cd231') in 0.069410 seconds 
========================================================================
Received Import Request.
  Time since last request: 0.000198 seconds.
  path: Assets/Art/Items/Skap_lukket.png
  artifactKey: Guid(c2546bf2fdc31994ead195406db26253) Importer(815301076,1909f56bfc062723c751e8b465ee728b)
Start importing Assets/Art/Items/Skap_lukket.png using Guid(c2546bf2fdc31994ead195406db26253) Importer(815301076,1909f56bfc062723c751e8b465ee728b)  -> (artifact id: '34d81a45004026c15ae2558de5b0523b') in 0.014647 seconds 
========================================================================
Received Import Request.
  Time since last request: 0.000273 seconds.
  path: Assets/Art/Items/Matboks.png
  artifactKey: Guid(be82a25c6550681439866bed3a8ae570) Importer(815301076,1909f56bfc062723c751e8b465ee728b)
Start importing Assets/Art/Items/Matboks.png using Guid(be82a25c6550681439866bed3a8ae570) Importer(815301076,1909f56bfc062723c751e8b465ee728b)  -> (artifact id: 'c5927781a5884405347ba924ee03fcce') in 0.017637 seconds 
========================================================================
Received Import Request.
  Time since last request: 0.000194 seconds.
  path: Assets/Art/Items/Pad.png
  artifactKey: Guid(c379a425ac3094d4996f8c4ddc78219c) Importer(815301076,1909f56bfc062723c751e8b465ee728b)
Start importing Assets/Art/Items/Pad.png using Guid(c379a425ac3094d4996f8c4ddc78219c) Importer(815301076,1909f56bfc062723c751e8b465ee728b)  -> (artifact id: 'dbc77bd4a7a6ddafdbb167416c4807eb') in 0.014291 seconds 
========================================================================
Received Import Request.
  Time since last request: 0.000176 seconds.
  path: Assets/Art/Items/Skap_open.png
  artifactKey: Guid(f3468315531c0c644b7d99b9f78eee03) Importer(815301076,1909f56bfc062723c751e8b465ee728b)
Start importing Assets/Art/Items/Skap_open.png using Guid(f3468315531c0c644b7d99b9f78eee03) Importer(815301076,1909f56bfc062723c751e8b465ee728b)  -> (artifact id: '476c48e9790211828e69c373ead2aed7') in 0.014674 seconds 
========================================================================
Received Import Request.
  Time since last request: 0.000158 seconds.
  path: Assets/Art/Items/Sekk.png
  artifactKey: Guid(eaf02e8f3105f5b43a2de180081e1aeb) Importer(815301076,1909f56bfc062723c751e8b465ee728b)
Start importing Assets/Art/Items/Sekk.png using Guid(eaf02e8f3105f5b43a2de180081e1aeb) Importer(815301076,1909f56bfc062723c751e8b465ee728b)  -> (artifact id: 'd4e37d4d6d320fa942e5fcf6420320b4') in 0.018949 seconds 
========================================================================
Received Import Request.
  Time since last request: 0.000202 seconds.
  path: Assets/Art/UI/Inventorybox_v2.png
  artifactKey: Guid(77923bb621eafee46bb8a216faa3be9d) Importer(815301076,1909f56bfc062723c751e8b465ee728b)
Start importing Assets/Art/UI/Inventorybox_v2.png using Guid(77923bb621eafee46bb8a216faa3be9d) Importer(815301076,1909f56bfc062723c751e8b465ee728b)  -> (artifact id: '968c78124304d7f96c06a61c703341ca') in 0.017937 seconds 
========================================================================
Received Import Request.
  Time since last request: 0.000161 seconds.
  path: Assets/Art/Items/Kart.png
  artifactKey: Guid(dbdc73ac97330af4a89468d7b91871e7) Importer(815301076,1909f56bfc062723c751e8b465ee728b)
Start importing Assets/Art/Items/Kart.png using Guid(dbdc73ac97330af4a89468d7b91871e7) Importer(815301076,1909f56bfc062723c751e8b465ee728b)  -> (artifact id: '05d50ca830b57f1deebbda362f6182f1') in 0.016192 seconds 
========================================================================
Received Import Request.
  Time since last request: 0.000165 seconds.
  path: Assets/Art/Items/Lukket kjøleskap.png
  artifactKey: Guid(16811e895958a434c9e06ac6e3af0fce) Importer(815301076,1909f56bfc062723c751e8b465ee728b)
Start importing Assets/Art/Items/Lukket kjøleskap.png using Guid(16811e895958a434c9e06ac6e3af0fce) Importer(815301076,1909f56bfc062723c751e8b465ee728b)  -> (artifact id: '5e04bb4b577666b94c532c6dbd93972c') in 0.017363 seconds 
========================================================================
Received Import Request.
  Time since last request: 0.000247 seconds.
  path: Assets/Art/Items/Ludo.png
  artifactKey: Guid(5a13092845384a64cab5c93664feb3df) Importer(815301076,1909f56bfc062723c751e8b465ee728b)
Start importing Assets/Art/Items/Ludo.png using Guid(5a13092845384a64cab5c93664feb3df) Importer(815301076,1909f56bfc062723c751e8b465ee728b)  -> (artifact id: '7e98730787f3061c42d72f803c660621') in 0.023026 seconds 
========================================================================
Received Import Request.
  Time since last request: 0.312528 seconds.
  path: Assets/Art/Items/Eple_animert.gif
  artifactKey: Guid(50b57349d8711cd4db79ef352566b603) Importer(815301076,1909f56bfc062723c751e8b465ee728b)
Start importing Assets/Art/Items/Eple_animert.gif using Guid(50b57349d8711cd4db79ef352566b603) Importer(815301076,1909f56bfc062723c751e8b465ee728b)  -> (artifact id: '696f7773c9e937ac91ec201f73ca3fc3') in 0.023438 seconds 
========================================================================
Received Import Request.
  Time since last request: 0.000204 seconds.
  path: Assets/Art/Items/Fotball.png
  artifactKey: Guid(cb381bebd68b35e48ac8e31b2b9ddffb) Importer(815301076,1909f56bfc062723c751e8b465ee728b)
Start importing Assets/Art/Items/Fotball.png using Guid(cb381bebd68b35e48ac8e31b2b9ddffb) Importer(815301076,1909f56bfc062723c751e8b465ee728b)  -> (artifact id: '155ab9f1b63983db4217bf372142a3be') in 0.015901 seconds 
========================================================================
Received Import Request.
  Time since last request: 0.000170 seconds.
  path: Assets/Art/Items/Førstehjelpsskrin.png
  artifactKey: Guid(0c10ba0e00a32fc49910e04d8bab0690) Importer(815301076,1909f56bfc062723c751e8b465ee728b)
Start importing Assets/Art/Items/Førstehjelpsskrin.png using Guid(0c10ba0e00a32fc49910e04d8bab0690) Importer(815301076,1909f56bfc062723c751e8b465ee728b)  -> (artifact id: '7c1d96cc44994283acb1a41b0293166b') in 0.014701 seconds 
========================================================================
Received Import Request.
  Time since last request: 0.000255 seconds.
  path: Assets/Art/Items/Eple_2.png
  artifactKey: Guid(4fa06d0fff959454dbea6bcf92cc2e91) Importer(815301076,1909f56bfc062723c751e8b465ee728b)
Start importing Assets/Art/Items/Eple_2.png using Guid(4fa06d0fff959454dbea6bcf92cc2e91) Importer(815301076,1909f56bfc062723c751e8b465ee728b)  -> (artifact id: '2eb14474e9fe517bab4d3aa1c1a7e616') in 0.016706 seconds 
========================================================================
Received Import Request.
  Time since last request: 0.000226 seconds.
  path: Assets/Art/Items/Eple_3.png
  artifactKey: Guid(80ebe6eb7a5e32e4aacb9bc9cd5949bf) Importer(815301076,1909f56bfc062723c751e8b465ee728b)
Start importing Assets/Art/Items/Eple_3.png using Guid(80ebe6eb7a5e32e4aacb9bc9cd5949bf) Importer(815301076,1909f56bfc062723c751e8b465ee728b)  -> (artifact id: '2c62a8f6f576d9e73aaade24415d7382') in 0.020834 seconds 
========================================================================
Received Import Request.
  Time since last request: 0.000184 seconds.
  path: Assets/Art/Items/Eple_5.png
  artifactKey: Guid(cf168ebfb5a23f449a15f317b2597fe1) Importer(815301076,1909f56bfc062723c751e8b465ee728b)
Start importing Assets/Art/Items/Eple_5.png using Guid(cf168ebfb5a23f449a15f317b2597fe1) Importer(815301076,1909f56bfc062723c751e8b465ee728b)  -> (artifact id: '0d676c8ba76fb404b27f5b1fd11a48e3') in 0.018440 seconds 
========================================================================
Received Import Request.
  Time since last request: 0.000255 seconds.
  path: Assets/Art/Items/Eple_4.png
  artifactKey: Guid(b0690c7e5bc5fbb4e85dc913ee6ec6d8) Importer(815301076,1909f56bfc062723c751e8b465ee728b)
Start importing Assets/Art/Items/Eple_4.png using Guid(b0690c7e5bc5fbb4e85dc913ee6ec6d8) Importer(815301076,1909f56bfc062723c751e8b465ee728b)  -> (artifact id: '0631306d104034fbdc36d9dcdcf49421') in 0.014438 seconds 
========================================================================
Received Import Request.
  Time since last request: 0.000259 seconds.
  path: Assets/Art/Items/Eple_1.png
  artifactKey: Guid(4536fb12eb900a44188e7f810e51bca3) Importer(815301076,1909f56bfc062723c751e8b465ee728b)
Start importing Assets/Art/Items/Eple_1.png using Guid(4536fb12eb900a44188e7f810e51bca3) Importer(815301076,1909f56bfc062723c751e8b465ee728b)  -> (artifact id: '945ac151d2da719b6cf5f9af21584c39') in 0.021375 seconds 
========================================================================
Received Import Request.
  Time since last request: 0.000211 seconds.
  path: Assets/Art/Items/Godteri.png
  artifactKey: Guid(fbde9d353813e934d8c39fc41e9d250d) Importer(815301076,1909f56bfc062723c751e8b465ee728b)
Start importing Assets/Art/Items/Godteri.png using Guid(fbde9d353813e934d8c39fc41e9d250d) Importer(815301076,1909f56bfc062723c751e8b465ee728b)  -> (artifact id: '85a7604ee3c1528011f79cd16ae2c447') in 0.014142 seconds 
========================================================================
Received Prepare
Registering precompiled user dll's ...
Registered in 0.005517 seconds.
Begin MonoManager ReloadAssembly
Native extension for LinuxStandalone target not found
Native extension for WindowsStandalone target not found
Native extension for OSXStandalone target not found
Refreshing native plugins compatible for Editor in 0.98 ms, found 4 plugins.
Preloading 0 native plugins for Editor in 0.00 ms.
RefreshInfo: StopAssetImportingV2(NoUpdateAssetOptions) scanfilter: 
RefreshProfiler: Total: 0.000ms
Mono: successfully reloaded assembly
- Completed reload, in  0.929 seconds
Platform modules already initialized, skipping
Refreshing native plugins compatible for Editor in 1.01 ms, found 4 plugins.
Preloading 0 native plugins for Editor in 0.00 ms.
Unloading 1522 Unused Serialized files (Serialized files now loaded: 0)
System memory in use before: 130.7 MB.
System memory in use after: 130.8 MB.

Unloading 74 unused Assets to reduce memory usage. Loaded Objects now: 4590.
Total: 2.707000 ms (FindLiveObjects: 0.303300 ms CreateObjectMapping: 0.164300 ms MarkObjects: 2.117300 ms  DeleteObjects: 0.120700 ms)

========================================================================
Received Prepare
Registering precompiled user dll's ...
Registered in 0.005300 seconds.
Begin MonoManager ReloadAssembly
Native extension for LinuxStandalone target not found
Native extension for WindowsStandalone target not found
Native extension for OSXStandalone target not found
Refreshing native plugins compatible for Editor in 0.94 ms, found 4 plugins.
Preloading 0 native plugins for Editor in 0.00 ms.
RefreshInfo: StopAssetImportingV2(NoUpdateAssetOptions) scanfilter: 
RefreshProfiler: Total: 0.000ms
Mono: successfully reloaded assembly
- Completed reload, in  0.841 seconds
Platform modules already initialized, skipping
Refreshing native plugins compatible for Editor in 0.93 ms, found 4 plugins.
Preloading 0 native plugins for Editor in 0.00 ms.
Unloading 1522 Unused Serialized files (Serialized files now loaded: 0)
System memory in use before: 130.7 MB.
System memory in use after: 130.8 MB.

Unloading 74 unused Assets to reduce memory usage. Loaded Objects now: 4594.
Total: 2.416200 ms (FindLiveObjects: 0.309100 ms CreateObjectMapping: 0.173100 ms MarkObjects: 1.840500 ms  DeleteObjects: 0.092900 ms)

========================================================================
Received Prepare
Registering precompiled user dll's ...
Registered in 0.005508 seconds.
Begin MonoManager ReloadAssembly
Native extension for LinuxStandalone target not found
Native extension for WindowsStandalone target not found
Native extension for OSXStandalone target not found
Refreshing native plugins compatible for Editor in 0.91 ms, found 4 plugins.
Preloading 0 native plugins for Editor in 0.00 ms.
RefreshInfo: StopAssetImportingV2(NoUpdateAssetOptions) scanfilter: 
RefreshProfiler: Total: 0.000ms
Mono: successfully reloaded assembly
- Completed reload, in  0.841 seconds
Platform modules already initialized, skipping
Refreshing native plugins compatible for Editor in 0.93 ms, found 4 plugins.
Preloading 0 native plugins for Editor in 0.00 ms.
Unloading 1522 Unused Serialized files (Serialized files now loaded: 0)
System memory in use before: 130.7 MB.
System memory in use after: 130.8 MB.

Unloading 74 unused Assets to reduce memory usage. Loaded Objects now: 4598.
Total: 2.766100 ms (FindLiveObjects: 0.296200 ms CreateObjectMapping: 0.141900 ms MarkObjects: 2.230400 ms  DeleteObjects: 0.097000 ms)

========================================================================
Received Prepare
Registering precompiled user dll's ...
Registered in 0.005285 seconds.
Begin MonoManager ReloadAssembly
Native extension for LinuxStandalone target not found
Native extension for WindowsStandalone target not found
Native extension for OSXStandalone target not found
Refreshing native plugins compatible for Editor in 0.93 ms, found 4 plugins.
Preloading 0 native plugins for Editor in 0.00 ms.
RefreshInfo: StopAssetImportingV2(NoUpdateAssetOptions) scanfilter: 
RefreshProfiler: Total: 0.000ms
Mono: successfully reloaded assembly
- Completed reload, in  0.906 seconds
Platform modules already initialized, skipping
Refreshing native plugins compatible for Editor in 0.95 ms, found 4 plugins.
Preloading 0 native plugins for Editor in 0.00 ms.
Unloading 1522 Unused Serialized files (Serialized files now loaded: 0)
System memory in use before: 130.7 MB.
System memory in use after: 130.8 MB.

Unloading 74 unused Assets to reduce memory usage. Loaded Objects now: 4602.
Total: 2.454800 ms (FindLiveObjects: 0.309500 ms CreateObjectMapping: 0.172600 ms MarkObjects: 1.871500 ms  DeleteObjects: 0.100700 ms)

========================================================================
Received Prepare
Registering precompiled user dll's ...
Registered in 0.005778 seconds.
Begin MonoManager ReloadAssembly
Native extension for LinuxStandalone target not found
Native extension for WindowsStandalone target not found
Native extension for OSXStandalone target not found
Refreshing native plugins compatible for Editor in 1.32 ms, found 4 plugins.
Preloading 0 native plugins for Editor in 0.00 ms.
RefreshInfo: StopAssetImportingV2(NoUpdateAssetOptions) scanfilter: 
RefreshProfiler: Total: 0.000ms
Mono: successfully reloaded assembly
- Completed reload, in  1.009 seconds
Platform modules already initialized, skipping
Refreshing native plugins compatible for Editor in 0.95 ms, found 4 plugins.
Preloading 0 native plugins for Editor in 0.00 ms.
Unloading 1522 Unused Serialized files (Serialized files now loaded: 0)
System memory in use before: 130.7 MB.
System memory in use after: 130.8 MB.

Unloading 74 unused Assets to reduce memory usage. Loaded Objects now: 4606.
Total: 2.679900 ms (FindLiveObjects: 0.349600 ms CreateObjectMapping: 0.183100 ms MarkObjects: 2.045900 ms  DeleteObjects: 0.100400 ms)

========================================================================
Received Import Request.
  Time since last request: 488.205968 seconds.
  path: Assets/Scenes/3_TreVei.unity
  artifactKey: Guid(97e95d1c5b73f5745a453fee3f19f874) Importer(815301076,1909f56bfc062723c751e8b465ee728b)
Start importing Assets/Scenes/3_TreVei.unity using Guid(97e95d1c5b73f5745a453fee3f19f874) Importer(815301076,1909f56bfc062723c751e8b465ee728b)  -> (artifact id: '099acebb3e3161009478a10ddac26b58') in 0.010321 seconds 
========================================================================
Received Prepare
Registering precompiled user dll's ...
Registered in 0.005290 seconds.
Begin MonoManager ReloadAssembly
Native extension for LinuxStandalone target not found
Native extension for WindowsStandalone target not found
Native extension for OSXStandalone target not found
Refreshing native plugins compatible for Editor in 0.93 ms, found 4 plugins.
Preloading 0 native plugins for Editor in 0.00 ms.
RefreshInfo: StopAssetImportingV2(NoUpdateAssetOptions) scanfilter: 
RefreshProfiler: Total: 0.000ms
Mono: successfully reloaded assembly
- Completed reload, in  0.943 seconds
Platform modules already initialized, skipping
Refreshing native plugins compatible for Editor in 0.94 ms, found 4 plugins.
Preloading 0 native plugins for Editor in 0.00 ms.
Unloading 1522 Unused Serialized files (Serialized files now loaded: 0)
System memory in use before: 130.8 MB.
System memory in use after: 130.9 MB.

Unloading 74 unused Assets to reduce memory usage. Loaded Objects now: 4610.
Total: 3.119800 ms (FindLiveObjects: 0.352500 ms CreateObjectMapping: 0.246700 ms MarkObjects: 2.401300 ms  DeleteObjects: 0.118200 ms)

========================================================================
Received Prepare
Registering precompiled user dll's ...
Registered in 0.005364 seconds.
Begin MonoManager ReloadAssembly
Native extension for LinuxStandalone target not found
Native extension for WindowsStandalone target not found
Native extension for OSXStandalone target not found
Refreshing native plugins compatible for Editor in 0.93 ms, found 4 plugins.
Preloading 0 native plugins for Editor in 0.00 ms.
RefreshInfo: StopAssetImportingV2(NoUpdateAssetOptions) scanfilter: 
RefreshProfiler: Total: 0.000ms
Mono: successfully reloaded assembly
- Completed reload, in  0.907 seconds
Platform modules already initialized, skipping
Refreshing native plugins compatible for Editor in 0.92 ms, found 4 plugins.
Preloading 0 native plugins for Editor in 0.00 ms.
Unloading 1522 Unused Serialized files (Serialized files now loaded: 0)
System memory in use before: 130.8 MB.
System memory in use after: 130.9 MB.

Unloading 74 unused Assets to reduce memory usage. Loaded Objects now: 4614.
Total: 2.658800 ms (FindLiveObjects: 0.326000 ms CreateObjectMapping: 0.160500 ms MarkObjects: 2.078300 ms  DeleteObjects: 0.093300 ms)

AssetImportWorkerClient::OnTransportError - code=2 error=End of file
